<?xml version="1.0" encoding="UTF-8"?>
<TestRun id="dfb9c8a6-bacc-42bd-b291-23f388cb82b5" name="mhan2@DT511 2011-08-22 13:35:52" runUser="ETSDEV\mhan2" xmlns="http://microsoft.com/schemas/VisualStudio/TeamTest/2010">
  <TestSettings name="Default Test Settings" id="36cc8421-26a9-4540-a621-0d0d0378d675">
    <Execution>
      <TestTypeSpecific />
      <AgentRule name="Execution Agents">
      </AgentRule>
    </Execution>
    <Deployment runDeploymentRoot="mhan2_DT511 2011-08-22 13_35_52" />
  </TestSettings>
  <Times creation="2011-08-22T13:35:52.0851059-04:00" queuing="2011-08-22T13:35:52.5527058-04:00" start="2011-08-22T13:35:52.7087048-04:00" finish="2011-08-22T13:35:54.2089046-04:00" />
  <ResultSummary outcome="Failed">
    <Counters total="1" executed="1" error="0" failed="1" timeout="0" aborted="0" inconclusive="0" passedButRunAborted="0" notRunnable="0" notExecuted="0" disconnected="0" warning="0" passed="0" completed="0" inProgress="0" pending="0" />
  </ResultSummary>
  <TestDefinitions>
    <UnitTest name="Can_add_animals_to_zoo" storage="c:\users\mhan2\documents\visual studio 2010\projects\devtesta\devtesta\bin\debug\devtesta.dll" id="8e2f8e6a-c04f-9ab2-1751-cac23d669336">
      <Execution timeOut="1800000" id="91f6636a-a74f-44b7-afcc-db94896d0d05" />
      <TestMethod codeBase="c:/users/mhan2/documents/visual studio 2010/Projects/DevTestA/DevTestA/bin/Debug/DevTestA.DLL" adapterTypeName="Microsoft.VisualStudio.TestTools.TestTypes.Unit.UnitTestAdapter, Microsoft.VisualStudio.QualityTools.Tips.UnitTest.Adapter, Version=10.0.0.0, Culture=neutral, PublicKeyToken=b03f5f7f11d50a3a" className="DevTestA.Tests.ZooTest, DevTestA, Version=1.0.0.0, Culture=neutral, PublicKeyToken=null" name="Can_add_animals_to_zoo" />
    </UnitTest>
  </TestDefinitions>
  <TestLists>
    <TestList name="Results Not in a List" id="8c84fa94-04c1-424b-9868-57a2d4851a1d" />
    <TestList name="All Loaded Results" id="19431567-8539-422a-85d7-44ee4e166bda" />
  </TestLists>
  <TestEntries>
    <TestEntry testId="8e2f8e6a-c04f-9ab2-1751-cac23d669336" executionId="91f6636a-a74f-44b7-afcc-db94896d0d05" testListId="8c84fa94-04c1-424b-9868-57a2d4851a1d" />
  </TestEntries>
  <Results>
    <UnitTestResult executionId="91f6636a-a74f-44b7-afcc-db94896d0d05" testId="8e2f8e6a-c04f-9ab2-1751-cac23d669336" testName="Can_add_animals_to_zoo" computerName="DT511" duration="00:00:01.1822993" startTime="2011-08-22T13:35:52.7409046-04:00" endTime="2011-08-22T13:35:54.1459046-04:00" testType="13cdc9d9-ddb5-4fa4-a97d-d965ccfc6d4b" outcome="Failed" testListId="8c84fa94-04c1-424b-9868-57a2d4851a1d" relativeResultsDirectory="91f6636a-a74f-44b7-afcc-db94896d0d05">
      <Output>
        <ErrorInfo>
          <Message>Test method DevTestA.Tests.ZooTest.Can_add_animals_to_zoo threw exception: 
Autofac.Core.Registration.ComponentNotRegisteredException: The requested service 'DevTestA.IZoo' has not been registered. To avoid this exception, either register a component to provide the service, check for service registration using IsRegistered(), or use the ResolveOptional() method to resolve an optional dependency.</Message>
          <StackTrace>    at Autofac.ResolutionExtensions.ResolveService(IComponentContext context, Service service, IEnumerable`1 parameters)
   at Autofac.ResolutionExtensions.Resolve[TService](IComponentContext context, IEnumerable`1 parameters)
   at Autofac.ResolutionExtensions.Resolve[TService](IComponentContext context)
   at DevTestA.Tests.ZooTest.Can_add_animals_to_zoo() in c:\users\mhan2\documents\visual studio 2010\Projects\DevTestA\DevTestA\Tests\ZooTest.cs:line 33
</StackTrace>
        </ErrorInfo>
      </Output>
    </UnitTestResult>
  </Results>
</TestRun>