<?xml version="1.0" encoding="UTF-8"?>
<TestRun id="6256ad20-335a-4424-b921-93e969ba6ef7" name="mhan2@DT511 2011-08-22 15:59:44" runUser="ETSDEV\mhan2" xmlns="http://microsoft.com/schemas/VisualStudio/TeamTest/2010">
  <TestSettings name="Default Test Settings" id="e082a8a1-b451-4da6-8aa3-ae325458bd43">
    <Execution>
      <TestTypeSpecific />
      <AgentRule name="Execution Agents">
      </AgentRule>
    </Execution>
    <Deployment runDeploymentRoot="mhan2_DT511 2011-08-22 15_59_44" />
  </TestSettings>
  <Times creation="2011-08-22T15:59:44.0693233-04:00" queuing="2011-08-22T15:59:44.5343229-04:00" start="2011-08-22T15:59:44.7133229-04:00" finish="2011-08-22T15:59:45.1223229-04:00" />
  <ResultSummary outcome="Failed">
    <Counters total="1" executed="1" error="0" failed="1" timeout="0" aborted="0" inconclusive="0" passedButRunAborted="0" notRunnable="0" notExecuted="0" disconnected="0" warning="0" passed="0" completed="0" inProgress="0" pending="0" />
  </ResultSummary>
  <TestDefinitions>
    <UnitTest name="Can_add_animals_to_zoo" storage="c:\users\mhan2\documents\visual studio 2010\projects\devtesta\devtesta\bin\debug\devtesta.dll" id="8e2f8e6a-c04f-9ab2-1751-cac23d669336">
      <Execution timeOut="1800000" id="8239944b-efbe-4f49-91a3-077333e39250" />
      <TestMethod codeBase="c:/users/mhan2/documents/visual studio 2010/Projects/DevTestA/DevTestA/bin/Debug/DevTestA.DLL" adapterTypeName="Microsoft.VisualStudio.TestTools.TestTypes.Unit.UnitTestAdapter, Microsoft.VisualStudio.QualityTools.Tips.UnitTest.Adapter, Version=10.0.0.0, Culture=neutral, PublicKeyToken=b03f5f7f11d50a3a" className="DevTestA.Tests.ZooTest, DevTestA, Version=1.0.0.0, Culture=neutral, PublicKeyToken=null" name="Can_add_animals_to_zoo" />
    </UnitTest>
  </TestDefinitions>
  <TestLists>
    <TestList name="Results Not in a List" id="8c84fa94-04c1-424b-9868-57a2d4851a1d" />
    <TestList name="All Loaded Results" id="19431567-8539-422a-85d7-44ee4e166bda" />
  </TestLists>
  <TestEntries>
    <TestEntry testId="8e2f8e6a-c04f-9ab2-1751-cac23d669336" executionId="8239944b-efbe-4f49-91a3-077333e39250" testListId="8c84fa94-04c1-424b-9868-57a2d4851a1d" />
  </TestEntries>
  <Results>
    <UnitTestResult executionId="8239944b-efbe-4f49-91a3-077333e39250" testId="8e2f8e6a-c04f-9ab2-1751-cac23d669336" testName="Can_add_animals_to_zoo" computerName="DT511" duration="00:00:00.0531921" startTime="2011-08-22T15:59:44.7533229-04:00" endTime="2011-08-22T15:59:45.0583229-04:00" testType="13cdc9d9-ddb5-4fa4-a97d-d965ccfc6d4b" outcome="Failed" testListId="8c84fa94-04c1-424b-9868-57a2d4851a1d" relativeResultsDirectory="8239944b-efbe-4f49-91a3-077333e39250">
      <Output>
        <StdOut>Testing</StdOut>
        <ErrorInfo>
          <Message>Test method DevTestA.Tests.ZooTest.Can_add_animals_to_zoo threw exception: 
System.NotImplementedException: The method or operation is not implemented.</Message>
          <StackTrace>    at DevTestA.Implementations.Zoo.AddAnimal(IAnimal animal) in c:\users\mhan2\documents\visual studio 2010\Projects\DevTestA\DevTestA\Implementations\Zoo.cs:line 9
   at DevTestA.Tests.ZooTest.Can_add_animals_to_zoo() in c:\users\mhan2\documents\visual studio 2010\Projects\DevTestA\DevTestA\Tests\ZooTest.cs:line 43
</StackTrace>
        </ErrorInfo>
      </Output>
    </UnitTestResult>
  </Results>
</TestRun>