<?xml version="1.0" encoding="UTF-8"?>
<TestRun id="c37fb796-f22c-4ee0-9fdc-573d887e4ee6" name="mhan2@DT511 2011-08-22 13:34:07" runUser="ETSDEV\mhan2" xmlns="http://microsoft.com/schemas/VisualStudio/TeamTest/2010">
  <TestSettings name="Default Test Settings" id="eb19860e-1bb2-4b6a-a69e-abbce7ab104a">
    <Execution>
      <TestTypeSpecific />
      <AgentRule name="Execution Agents">
      </AgentRule>
    </Execution>
    <Deployment runDeploymentRoot="mhan2_DT511 2011-08-22 13_34_07" />
  </TestSettings>
  <Times creation="2011-08-22T13:34:07.0329706-04:00" queuing="2011-08-22T13:34:07.6873702-04:00" start="2011-08-22T13:34:07.9143702-04:00" finish="2011-08-22T13:34:08.1283702-04:00" />
  <ResultSummary outcome="Error">
    <Counters total="1" executed="1" error="1" failed="0" timeout="0" aborted="0" inconclusive="0" passedButRunAborted="0" notRunnable="0" notExecuted="0" disconnected="0" warning="0" passed="0" completed="0" inProgress="0" pending="0" />
  </ResultSummary>
  <TestDefinitions>
    <UnitTest name="Can_add_animals_to_zoo" storage="c:\users\mhan2\documents\visual studio 2010\projects\devtesta\devtesta\bin\debug\devtesta.dll" id="8e2f8e6a-c04f-9ab2-1751-cac23d669336">
      <Execution timeOut="1800000" id="8ba7066a-e74a-41de-99c5-8c03068d2b13" />
      <TestMethod codeBase="c:/users/mhan2/documents/visual studio 2010/Projects/DevTestA/DevTestA/bin/Debug/DevTestA.DLL" adapterTypeName="Microsoft.VisualStudio.TestTools.TestTypes.Unit.UnitTestAdapter, Microsoft.VisualStudio.QualityTools.Tips.UnitTest.Adapter, Version=10.0.0.0, Culture=neutral, PublicKeyToken=b03f5f7f11d50a3a" className="DevTestA.Tests.ZooTest, DevTestA, Version=1.0.0.0, Culture=neutral, PublicKeyToken=null" name="Can_add_animals_to_zoo" />
    </UnitTest>
  </TestDefinitions>
  <TestLists>
    <TestList name="Results Not in a List" id="8c84fa94-04c1-424b-9868-57a2d4851a1d" />
    <TestList name="All Loaded Results" id="19431567-8539-422a-85d7-44ee4e166bda" />
  </TestLists>
  <TestEntries>
    <TestEntry testId="8e2f8e6a-c04f-9ab2-1751-cac23d669336" executionId="8ba7066a-e74a-41de-99c5-8c03068d2b13" testListId="8c84fa94-04c1-424b-9868-57a2d4851a1d" />
  </TestEntries>
  <Results>
    <UnitTestResult executionId="8ba7066a-e74a-41de-99c5-8c03068d2b13" testId="8e2f8e6a-c04f-9ab2-1751-cac23d669336" testName="Can_add_animals_to_zoo" computerName="DT511" startTime="2011-08-22T13:34:08.0063702-04:00" endTime="2011-08-22T13:34:08.0543702-04:00" testType="13cdc9d9-ddb5-4fa4-a97d-d965ccfc6d4b" testListId="8c84fa94-04c1-424b-9868-57a2d4851a1d" relativeResultsDirectory="8ba7066a-e74a-41de-99c5-8c03068d2b13">
      <Output>
        <ErrorInfo>
          <Message>Method DevTestA.Tests.ZooTest.TearDownClass has wrong signature.  The method should be marked static.</Message>
        </ErrorInfo>
      </Output>
    </UnitTestResult>
  </Results>
</TestRun>